<?xml version="1.0" encoding="UTF-8"?>
<testng-results skipped="0" failed="0" total="3" passed="3">
  <reporter-output>
  </reporter-output>
  <suite name="Test Pet clinic" duration-ms="63657" started-at="2017-06-29T13:00:48Z" finished-at="2017-06-29T13:01:52Z">
    <groups>
    </groups>
    <test name="Test" duration-ms="63657" started-at="2017-06-29T13:00:48Z" finished-at="2017-06-29T13:01:52Z">
      <class name="com.test.uitests.SeleniumUITests">
        <test-method status="PASS" signature="beforeTest()[pri:0, instance:com.test.uitests.SeleniumUITests@721e0f4f]" name="beforeTest" is-config="true" duration-ms="7313" started-at="2017-06-29T13:00:48Z" finished-at="2017-06-29T13:00:56Z">
        </test-method>
        <test-method status="PASS" signature="testAddOwner()[pri:0, instance:com.test.uitests.SeleniumUITests@721e0f4f]" name="testAddOwner" duration-ms="24969" started-at="2017-06-29T13:00:56Z" finished-at="2017-06-29T13:01:21Z">
        </test-method>
        <test-method status="PASS" signature="testSpecialities()[pri:0, instance:com.test.uitests.SeleniumUITests@721e0f4f]" name="testSpecialities" duration-ms="15720" started-at="2017-06-29T13:01:21Z" finished-at="2017-06-29T13:01:36Z">
        </test-method>
        <test-method status="PASS" signature="testVeterinarians()[pri:0, instance:com.test.uitests.SeleniumUITests@721e0f4f]" name="testVeterinarians" duration-ms="14112" started-at="2017-06-29T13:01:36Z" finished-at="2017-06-29T13:01:50Z">
        </test-method>
        <test-method status="PASS" signature="afterTest()[pri:0, instance:com.test.uitests.SeleniumUITests@721e0f4f]" name="afterTest" is-config="true" duration-ms="1512" started-at="2017-06-29T13:01:50Z" finished-at="2017-06-29T13:01:52Z">
        </test-method>
      </class>
    </test>
  </suite>
</testng-results>
